[15:56:57] Gwadj!Gwadj@me.working.fi has been kicked by Gwadj_!Gwadj@me.working.fi (Gwadj_)
[15:56:57] Revenge not taken against Gwadj_!Gwadj@me.working.fi (Kicked Gwadj off #channel). Gwadj is a Friend
[15:56:58] Gwadj_!Gwadj@me.working.fi has been kicked by loiri!Gwadj@me.working.fi (Don't kick my friends!)
[15:57:04] $Gwadj$ (Gwadj_!Gwadj@me.working.fi) login
[15:57:05] MODE "+o Gwadj_" by loiri!Gwadj@me.working.fi
[16:03:35] !Gwadj! (Gwadj_!Gwadj@me.working.fi) logout
[16:04:23] $Gwadj$ (Gwadj!Gwadj@me.working.fi) login
[00:00:00] The peak usage for #channel was 6 people at 15:57
[00:00:00] There were 2 people kicked from #channel
[00:00:00] 9 people were made operators on #channel

[13:34:49] <Zimbe> mut siis ne 70% alennetut ei ollu kovin kummosii, noista ei saanu 70% ;)
[13:35:08] <McBain> jehjeh
[13:35:23] <Zimbe> sellasia muovisii tms
[13:35:37] <McBain> niinpa
[13:35:37] -ZuGh:#channel- So, this is so called irc...
[13:36:44] <Zimbe> http://www.finland.fi/finland.html
[13:37:00] <Ukko> www.test.com

[21:58:52] #Gwadj# deop (#channel) Zimbe  
[21:59:45] #Gwadj# op (#channel) zimbe  
[22:01:11] #Gwadj# console #channel
[22:01:14] #Gwadj# bans  
[22:03:00] #Gwadj# kick (#channel) zimbe "Requested by Gwadj"

[09:50:31] Disconnected from irc.cs.hut.fi

[15:54:41] loiri has joined #channel
[15:57:04] Gwadj_ (Gwadj@me.working.fi) has joined #channel
[16:03:35] Gwadj_ (Gwadj@me.working.fi) has left IRC: poks
[16:04:23] Gwadj (Gwadj@me.working.fi) has joined #channel
[16:06:23] Gwadj (Gwadj@me.working.fi) has left IRC: .
[20:30:27] HippieFro (fusion@what.are.you.doing) has left IRC: Ping timeout
[21:19:00] loiri has joined #channel
[23:26:06] Puustinen (puu@seweurod.kuk.luk.fi) has left IRC: Leaving

[21:59:12] ERROR: Cannot join #channel: The Bot has been banned

[15:56:57] Gwadj!Gwadj@me.working.fi has been kicked by Gwadj_!Gwadj@me.working.fi (Gwadj_)
[15:56:58] Gwadj_!Gwadj@me.working.fi has been kicked by loiri!Gwadj@me.working.fi (Don't kick my friends!)
[15:57:05] MODE "+o Gwadj_" by loiri!Gwadj@me.working.fi
[01:44:36] MODE "+v _0Shard" by loiri!Gwadj@me.working.fi
[12:42:51] MODE "+v homottaja" by *.inet.fi
[17:48:38] MODE "-v salownd" by McBain!warhammer@4tsdfg.this.is.fi
[23:01:25] MODE "-o Gib|away" by loiri!Gwadj@me.working.fi

[09:50:31] Trying server irc.nic.fi:6667
[09:50:57] Connected to irc.nic.fi

[22:03:00] #Gwadj# kick (#channel) zimbe "Requested by Gwadj"

[00:32:47] Cyzada_ is now known as Cyzada
[22:22:20] Topic changed to "This is topic!" by McBain!warhammer@a107d14.test.this.is
[01:39:59] Topic changed on #channel by Akseli!ella@a100d6.test.this.is to "This is topic!"
[12:41:46] homottaja (psyanide@is.getting.org) has been netsplit
[12:42:50] homottaja (psyanide@is.getting.org) has returned to #channel after a netsplit
[12:04:59] Topic changed to "This is topic! | http://www.test.com/" by McBain!warhammer@a59d4.test.this.is
[22:01:25] Revenge not taken against Zimbe!zimbe@jhello.from.fi (deoped Gwadj!warhammer@a107d14.test.this.is). Zimbe is a Friend
[22:01:25] Revenge not taken against Zimbe!zimbe@jhello.from.fi (deoped loiri). Zimbe is a Friend
[22:02:34] MODE "-m " by loiri!Gwadj@me.working.fi

[15:36:45] MODE "+b *!*@is.getting.org" by Gwadj_!Gwadj@me.working.fi
[15:36:56] MODE "-b *!*@is.getting.org" by Gwadj_!Gwadj@me.working.fi


[21:42:44] *Gwadj wonders....
[21:42:49] *Gwadj slaps HippieFro around a bit with a large trout
[21:43:18] *Zimbe ..
