2009-08-13 12:19:53	+Erinye	serienzitate
2009-08-13 12:20:02	@Shaolin	ah
2009-08-13 12:20:07	@Shaolin	ja, ist natürlich richtig ;)
2009-08-13 12:20:52	+Erinye	Ich weiß. :D
2009-08-13 12:33:23	-->	Achilleus (Achilleus@euirc-c9462f31.dip.t-dialin.net) has joined #BG-Forum
2009-08-13 12:33:23	--	Mode #BG-Forum [+v Achilleus] by ChanServ
2009-08-13 12:33:27	+Achilleus	hi
2009-08-13 12:55:07		irc: disconnected from server
2009-08-13 12:55:16	-->	Shaolin (~shao@euirc-1094cc05.dip.t-dialin.net) has joined #BG-Forum
2009-08-13 12:55:16	--	Topic for #bg-forum is "Stats 22.6.: http://vernochan.net/misc/chatstats/bgforumstatsnew.html | What better place than this? What better choice than us? J.T. | Shao? Die Stats sind alt! |"
2009-08-13 12:55:16	--	Topic set by Erinye on Thu Aug 13 10:38:15 2009
2009-08-13 12:55:16	--	Nicks #BG-Forum: [!Mirya @Schuck +Achilleus +Briza +ChaoGirDja +Durandil1 +Erinye +Mystic|ausserHaus +shao2 fuggy|denkbrett Shaolin]
2009-08-13 12:55:16	--	Channel #BG-Forum: 11 nicks (2 ops, 0 halfop, 7 voices, 2 normal)
2009-08-13 12:55:16	--	Mode #BG-Forum [+o Shaolin] by ChanServ
2009-08-13 12:55:16	--	Channel created on Sat Dec 20 21:29:27 2003
2009-08-13 12:58:24	<--	Shaolin has kicked shao2 (Shaolin)
2009-08-13 12:58:27	-->	shao2 (~shao@euirc-1094cc05.dip.t-dialin.net) has joined #BG-Forum
2009-08-13 12:58:33	--	Mode #BG-Forum [+o shao2] by Shaolin
2009-08-13 12:58:44	 *	Shaolin tut Sachen für pisg
2009-08-13 12:58:57	@Schuck	pisg?
2009-08-13 12:59:46	<--	shao2 (~shao@euirc-1094cc05.dip.t-dialin.net) has left #BG-Forum (Look behind you, a three-headed monkey!)
2009-08-13 12:59:46	-->	shao2 (~shao@euirc-1094cc05.dip.t-dialin.net) has joined #BG-Forum
2009-08-13 13:00:01	shao2	Schuck: der stat generator ;)
2009-08-13 13:00:08	@Schuck	ah k